1.292052000000000000e+06
1.307914000000000000e+06
1.849031000000000000e+06
1.300267000000000000e+06
1.292064000000000000e+06
1.291841000000000000e+06
6.786002000000000000e+06
1.291549000000000000e+06
3.011091000000000000e+06
1.291560000000000000e+06
1.291828000000000000e+06
3.793023000000000000e+06
1.292213000000000000e+06
1.292001000000000000e+06
3.792799000000000000e+06
1.293929000000000000e+06
3.287562000000000000e+06
1.299327000000000000e+06
2.365260000000000000e+06
1.292218000000000000e+06
2.580734500000000000e+07
5.908478000000000000e+06
3.073124000000000000e+06
1.053391300000000000e+07
6.146955000000000000e+06
1.301171000000000000e+06
2.572485500000000000e+07
1.293764000000000000e+06
1.305725000000000000e+06
1.308575000000000000e+06
1.298653000000000000e+06
3.157605000000000000e+06
1.297478000000000000e+06
6.534248000000000000e+06
1.299361000000000000e+06
1.046395300000000000e+07
4.739952000000000000e+06
3.217169000000000000e+06
1.438652000000000000e+06
1.959195000000000000e+06
3.072124000000000000e+06
1.303394000000000000e+06
1.291844000000000000e+06
1.291870000000000000e+06
1.905462000000000000e+06
1.295865000000000000e+06
1.291992000000000000e+06
1.296753000000000000e+06
1.292401000000000000e+06
4.202302000000000000e+06
1.578507000000000000e+06
1.865703000000000000e+06
1.300117000000000000e+06
1.292056000000000000e+06
1.652587000000000000e+06
1.294371000000000000e+06
1.867345000000000000e+06
3.395373000000000000e+06
1.300960000000000000e+06
1.862151000000000000e+06
1.302476000000000000e+06
1.308777000000000000e+06
4.023638000000000000e+06
1.300741000000000000e+06
2.053515000000000000e+06
1.296339000000000000e+06
1.292214000000000000e+06
1.292217000000000000e+06
1.428175000000000000e+06
1.292062000000000000e+06
1.080844200000000000e+07
1.302467000000000000e+06
1.292233000000000000e+06
1.401118000000000000e+06
1.293908000000000000e+06
1.292287000000000000e+06
4.798888000000000000e+06
3.075287000000000000e+06
1.291853000000000000e+06
1.294638000000000000e+06
1.292659000000000000e+06
2.300586000000000000e+06
1.307315000000000000e+06
1.292849000000000000e+06
1.292402000000000000e+06
1.307793000000000000e+06
1.293544000000000000e+06
1.292343000000000000e+06
1.291843000000000000e+06
2.149806000000000000e+06
2.193745200000000000e+07
1.291832000000000000e+06
1.292370000000000000e+06
2.566232900000000000e+07
1.485260000000000000e+06
1.294408000000000000e+06
1.294639000000000000e+06
1.303021000000000000e+06
1.780330000000000000e+06
1.292223000000000000e+06
1.787291000000000000e+06
2.193744500000000000e+07
1.296736000000000000e+06
1.291818000000000000e+06
1.301753000000000000e+06
1.292215000000000000e+06
1.292728000000000000e+06
1.296141000000000000e+06
1.292262000000000000e+06
1.307811000000000000e+06
1.291568000000000000e+06
1.300374000000000000e+06
1.292281000000000000e+06
6.874403000000000000e+06
3.007773000000000000e+06
1.305690000000000000e+06
1.304102000000000000e+06
1.793929000000000000e+06
3.011051000000000000e+06
2.577393200000000000e+07
1.293181000000000000e+06
6.307447000000000000e+06
1.308767000000000000e+06
1.292329000000000000e+06
1.395091000000000000e+06
2.643010700000000000e+07
2.043546000000000000e+06
1.292220000000000000e+06
1.291548000000000000e+06
1.858711000000000000e+06
1.291571000000000000e+06
2.363506000000000000e+06
5.989818000000000000e+06
1.291572000000000000e+06
1.308807000000000000e+06
1.306029000000000000e+06
1.293359000000000000e+06
2.136041700000000000e+07
1.297447000000000000e+06
1.309046000000000000e+06
1.295399000000000000e+06
1.292274000000000000e+06
3.008247000000000000e+06
1.299131000000000000e+06
2.353023000000000000e+06
5.322596000000000000e+06
2.131848800000000000e+07
1.291585000000000000e+06
1.295038000000000000e+06
3.443389000000000000e+06
1.297052000000000000e+06
1.293318000000000000e+06
1.291990000000000000e+06
1.293172000000000000e+06
1.292434000000000000e+06
6.985810000000000000e+06
4.268598000000000000e+06
1.418834000000000000e+06
1.305487000000000000e+06
1.298070000000000000e+06
1.297192000000000000e+06
4.917726000000000000e+06
2.334904000000000000e+06
1.292208000000000000e+06
1.291999000000000000e+06
1.305164000000000000e+06
1.418019000000000000e+06
1.291875000000000000e+06
1.291545000000000000e+06
1.316510000000000000e+06
1.297630000000000000e+06
3.742360000000000000e+06
1.152567300000000000e+07
1.292679000000000000e+06
1.297359000000000000e+06
1.292270000000000000e+06
2.581470700000000000e+07
1.308857000000000000e+06
1.292656000000000000e+06
1.419936000000000000e+06
1.291879000000000000e+06
1.102673500000000000e+07
1.306249000000000000e+06
1.057786900000000000e+07
2.591797300000000000e+07
2.598044300000000000e+07
2.475012600000000000e+07
1.760622000000000000e+06
1.397546000000000000e+06
1.291578000000000000e+06
2.213597000000000000e+06
1.306861000000000000e+06
1.291557000000000000e+06
2.297265000000000000e+06
5.964718000000000000e+06
1.388216000000000000e+06
1.295409000000000000e+06
1.077768700000000000e+07
3.011235000000000000e+06
1.293460000000000000e+06
1.418200000000000000e+06
1.294240000000000000e+06
1.302827000000000000e+06
1.309163000000000000e+06
1.300992000000000000e+06
1.297574000000000000e+06
1.292528000000000000e+06
2.581470500000000000e+07
1.303037000000000000e+06
1.291822000000000000e+06
1.293964000000000000e+06
1.302425000000000000e+06
1.291579000000000000e+06
1.978709000000000000e+06
1.937946000000000000e+06
1.292328000000000000e+06
1.296909000000000000e+06
1.298624000000000000e+06
1.304447000000000000e+06
1.292224000000000000e+06
1.907966000000000000e+06
2.209573000000000000e+06
1.900841000000000000e+06
3.442220000000000000e+06
2.129039000000000000e+06
1.291858000000000000e+06
1.292365000000000000e+06
1.293839000000000000e+06
1.299398000000000000e+06
1.293350000000000000e+06
1.851857000000000000e+06
1.291583000000000000e+06
1.889243000000000000e+06
1.929463000000000000e+06
1.291552000000000000e+06
3.319755000000000000e+06
1.293182000000000000e+06
2.131459000000000000e+06
1.291561000000000000e+06
1.292722000000000000e+06
3.541415000000000000e+06
1.292720000000000000e+06
1.295644000000000000e+06
1.292063000000000000e+06
1.295124000000000000e+06
1.291546000000000000e+06
