https://www.douban.com/people/kingfish/
https://www.douban.com/people/ruxiaoguo/
https://www.douban.com/people/madeinds/
https://www.douban.com/people/whiterhinoceros/
https://www.douban.com/people/aixiaoke/
https://www.douban.com/people/hideinthecrowd/
https://www.douban.com/people/seawaver/
https://www.douban.com/people/zyl622/
https://www.douban.com/people/eve42/
https://www.douban.com/people/LadyInSatin/
https://www.douban.com/people/guoyilang/
https://www.douban.com/people/antonia/
https://www.douban.com/people/wenzel/
https://www.douban.com/people/tjz230/
https://www.douban.com/people/jennyqueen/
https://www.douban.com/people/MonicaLi/
https://www.douban.com/people/onshuway/
https://www.douban.com/people/coffeeland/
https://www.douban.com/people/hyuk35zm/
https://www.douban.com/people/shallwinyee/
https://www.douban.com/people/rebekah/
https://www.douban.com/people/39994655/
https://www.douban.com/people/jimo/
https://www.douban.com/people/xiaoxiaohong/
https://www.douban.com/people/mmysl/
https://www.douban.com/people/vivipico/
https://www.douban.com/people/MMT/
https://www.douban.com/people/Uvo/
https://www.douban.com/people/neverblue/
https://www.douban.com/people/melody1971/
https://www.douban.com/people/ranwei/
https://www.douban.com/people/xseac/
https://www.douban.com/people/new4new4/
https://www.douban.com/people/seafans/
https://www.douban.com/people/154019316/
https://www.douban.com/people/151135671/
https://www.douban.com/people/149120019/
https://www.douban.com/people/travisthomas/
https://www.douban.com/people/150807637/
https://www.douban.com/people/73942837/
https://www.douban.com/people/62675594/
https://www.douban.com/people/153191830/
https://www.douban.com/people/89667311/
https://www.douban.com/people/133022752/
https://www.douban.com/people/angle223/
https://www.douban.com/people/koiwai0908/
https://www.douban.com/people/kaolaxiaowu/
https://www.douban.com/people/153879820/
https://www.douban.com/people/153438591/
https://www.douban.com/people/152765160/
https://www.douban.com/people/13419259/
https://www.douban.com/people/138885670/
https://www.douban.com/people/135584913/
https://www.douban.com/people/153249245/
https://www.douban.com/people/87492129/
https://www.douban.com/people/77170120/
https://www.douban.com/people/148179414/
https://www.douban.com/people/139611792/
https://www.douban.com/people/eason0210/
https://www.douban.com/people/147190792/
https://www.douban.com/people/145218560/
https://www.douban.com/people/152930642/
https://www.douban.com/people/tieliuwudi/
https://www.douban.com/people/130208116/
https://www.douban.com/people/158679347/
https://www.douban.com/people/Scarlett1020/
https://www.douban.com/people/148695878/
https://www.douban.com/people/157276872/
https://www.douban.com/people/158629236/
https://www.douban.com/people/raquelycidas/
https://www.douban.com/people/movie007wn/
https://www.douban.com/people/128016627/
https://www.douban.com/people/138892986/
https://www.douban.com/people/158123544/
https://www.douban.com/people/155840797/
https://www.douban.com/people/CammyWhite/
https://www.douban.com/people/fenxinyu/
https://www.douban.com/people/136505664/
https://www.douban.com/people/mawencai/
https://www.douban.com/people/mumudancing/
https://www.douban.com/people/flowermumu/
https://www.douban.com/people/hexiaoqin/
https://www.douban.com/people/66428405/
https://www.douban.com/people/tlmgt/
https://www.douban.com/people/142973324/
https://www.douban.com/people/158929179/
https://www.douban.com/people/xzyzsk7/
https://www.douban.com/people/49503327/
https://www.douban.com/people/105512988/
https://www.douban.com/people/119869359/
https://www.douban.com/people/3102809/
https://www.douban.com/people/AngelinaAnne/
https://www.douban.com/people/156016222/
https://www.douban.com/people/155521816/
https://www.douban.com/people/153935526/
https://www.douban.com/people/157327327/
https://www.douban.com/people/145936815/
https://www.douban.com/people/1211567/
https://www.douban.com/people/78459982/
https://www.douban.com/people/155986723/
https://www.douban.com/people/88112581/
https://www.douban.com/people/155737527/
https://www.douban.com/people/mufanxuanji/
https://www.douban.com/people/159348433/
https://www.douban.com/people/ruo1996/
https://www.douban.com/people/windbo/
https://www.douban.com/people/yihuiw/
https://www.douban.com/people/136609590/
https://www.douban.com/people/ballteda/
https://www.douban.com/people/57542378/
https://www.douban.com/people/145790989/
https://www.douban.com/people/wenlizhou/
https://www.douban.com/people/140170906/
https://www.douban.com/people/155660705/
https://www.douban.com/people/94506833/
https://www.douban.com/people/crankysophia/
https://www.douban.com/people/160932002/
https://www.douban.com/people/MeloTheFisher/
https://www.douban.com/people/158207121/
https://www.douban.com/people/132892609/
https://www.douban.com/people/150236253/
https://www.douban.com/people/157224553/
https://www.douban.com/people/kirk1226/
https://www.douban.com/people/nineveh/
https://www.douban.com/people/145706644/
https://www.douban.com/people/131921881/
https://www.douban.com/people/satan163/
https://www.douban.com/people/ydyie/
https://www.douban.com/people/150291867/
https://www.douban.com/people/160894858/
https://www.douban.com/people/75978350/
https://www.douban.com/people/160487163/
https://www.douban.com/people/ilovemyself/
https://www.douban.com/people/llleu/
https://www.douban.com/people/smarttutu/
https://www.douban.com/people/76504161/
https://www.douban.com/people/136371675/
https://www.douban.com/people/Kusanagimotoko/
https://www.douban.com/people/63997678/
https://www.douban.com/people/qiaomai/
https://www.douban.com/people/159192051/
https://www.douban.com/people/48653568/
https://www.douban.com/people/149200640/
https://www.douban.com/people/153966583/
https://www.douban.com/people/153877169/
https://www.douban.com/people/160940910/
https://www.douban.com/people/119429128/
https://www.douban.com/people/156004677/
https://www.douban.com/people/102524337/
https://www.douban.com/people/138713312/
https://www.douban.com/people/139587725/
https://www.douban.com/people/135742666/
https://www.douban.com/people/150762421/
https://www.douban.com/people/Zizou_Vam/
https://www.douban.com/people/luxifaer/
https://www.douban.com/people/havelovedyou/
https://www.douban.com/people/bighead/
https://www.douban.com/people/inameless/
https://www.douban.com/people/157786606/
https://www.douban.com/people/159705695/
https://www.douban.com/people/suicide13/
https://www.douban.com/people/156054692/
https://www.douban.com/people/sensitivebastar/
https://www.douban.com/people/vividtime/
https://www.douban.com/people/157073532/
https://www.douban.com/people/jeffersontang/
https://www.douban.com/people/Lan.die/
https://www.douban.com/people/158943546/
https://www.douban.com/people/149092041/
https://www.douban.com/people/147845401/
https://www.douban.com/people/longzheking/
https://www.douban.com/people/154062640/
https://www.douban.com/people/36298457/
https://www.douban.com/people/36238513/
https://www.douban.com/people/lulusea/
https://www.douban.com/people/28125531/
https://www.douban.com/people/baoxizhe/
https://www.douban.com/people/canny-leon/
https://www.douban.com/people/44820492/
https://www.douban.com/people/leiyu8484/
https://www.douban.com/people/S.Red/
https://www.douban.com/people/DanielleWolf/
https://www.douban.com/people/51799175/
https://www.douban.com/people/aLIYURANfilm/
https://www.douban.com/people/42222694/
https://www.douban.com/people/Cray/
https://www.douban.com/people/2905226/
https://www.douban.com/people/3262787/
https://www.douban.com/people/v.sirin/
https://www.douban.com/people/45763079/
https://www.douban.com/people/dbpigeeyore/
https://www.douban.com/people/27339296/
https://www.douban.com/people/3474327/
https://www.douban.com/people/liuhuaminson/
https://www.douban.com/people/53253762/
https://www.douban.com/people/Xmichelle1121/
https://www.douban.com/people/56803312/
https://www.douban.com/people/45544769/
https://www.douban.com/people/51639509/
https://www.douban.com/people/61692216/
https://www.douban.com/people/HAMOTO/
https://www.douban.com/people/fleapet/
https://www.douban.com/people/45146438/
https://www.douban.com/people/buchangkun/
https://www.douban.com/people/Pastorale/
https://www.douban.com/people/gaojieting/
https://www.douban.com/people/redlunch/
https://www.douban.com/people/wonjin/
https://www.douban.com/people/K-Arthur/
https://www.douban.com/people/sireman/
https://www.douban.com/people/ladymuse/
https://www.douban.com/people/naoyareiji/
https://www.douban.com/people/fy_yingz/
https://www.douban.com/people/daisychen1942/
https://www.douban.com/people/realann/
https://www.douban.com/people/zhonghanqing/
https://www.douban.com/people/mxzyy/
https://www.douban.com/people/imagefly/
https://www.douban.com/people/EniAn/
https://www.douban.com/people/zhanmeichen/
https://www.douban.com/people/61691039/
https://www.douban.com/people/59709705/
https://www.douban.com/people/60606087/
https://www.douban.com/people/61689472/
https://www.douban.com/people/46811958/
https://www.douban.com/people/60166599/
https://www.douban.com/people/4792660/
https://www.douban.com/people/closetonn/
https://www.douban.com/people/KATHERINEsxsxsx/
https://www.douban.com/people/60295762/
https://www.douban.com/people/61235811/
https://www.douban.com/people/49213881/
https://www.douban.com/people/little_cupid/
https://www.douban.com/people/48817700/
https://www.douban.com/people/pond_lw/
https://www.douban.com/people/6788712/
https://www.douban.com/people/dengxiaolin/
https://www.douban.com/people/2120916/
https://www.douban.com/people/1762020/
https://www.douban.com/people/wayne211/
https://www.douban.com/people/47078298/
https://www.douban.com/people/amber/
https://www.douban.com/people/50532923/
https://www.douban.com/people/xiuxiudayo/
https://www.douban.com/people/54750670/
https://www.douban.com/people/MuseK/
https://www.douban.com/people/longya/
https://www.douban.com/people/36669166/
https://www.douban.com/people/1450533/
https://www.douban.com/people/63406200/
https://www.douban.com/people/Draculala/
https://www.douban.com/people/45505797/
https://www.douban.com/people/misscalla/
https://www.douban.com/people/ooolinda/
https://www.douban.com/people/llxx8023/
https://www.douban.com/people/Dir_en_grey/
https://www.douban.com/people/flyingzorro/
https://www.douban.com/people/KittyChen/
https://www.douban.com/people/WakingSleep/
https://www.douban.com/people/asfishinwater/
https://www.douban.com/people/rilkelee/
https://www.douban.com/people/47455272/
https://www.douban.com/people/overhyde/
https://www.douban.com/people/25494560/
https://www.douban.com/people/45134146/
https://www.douban.com/people/estragon/
https://www.douban.com/people/dancelu/
https://www.douban.com/people/47190086/
https://www.douban.com/people/Mannialanck/
https://www.douban.com/people/sjzqzkn/
https://www.douban.com/people/37009396/
https://www.douban.com/people/149851566/
https://www.douban.com/people/143910833/
https://www.douban.com/people/najovia/
https://www.douban.com/people/saeki/
https://www.douban.com/people/phenmod/
https://www.douban.com/people/autumnday916/
https://www.douban.com/people/shuiseji/
https://www.douban.com/people/cherryoung/
https://www.douban.com/people/Kulty/
https://www.douban.com/people/34429628/
https://www.douban.com/people/watersnakeeko/
https://www.douban.com/people/cherry.pjj/
https://www.douban.com/people/43832978/
https://www.douban.com/people/laotougou/
https://www.douban.com/people/monicamomo/
https://www.douban.com/people/merovingianeven/
https://www.douban.com/people/goodking/
https://www.douban.com/people/likefaye66/
https://www.douban.com/people/chrisnmoon/
https://www.douban.com/people/CosimoLau/
https://www.douban.com/people/yutu713/
https://www.douban.com/people/mymx/
https://www.douban.com/people/Cr_Rui/
https://www.douban.com/people/16460262/
https://www.douban.com/people/tottyroma/
https://www.douban.com/people/25416474/
https://www.douban.com/people/41084789/
https://www.douban.com/people/45410025/
https://www.douban.com/people/Oxalis./
https://www.douban.com/people/audair/
https://www.douban.com/people/asue/
https://www.douban.com/people/ybfleon/
https://www.douban.com/people/hwh/
https://www.douban.com/people/lyojue/
https://www.douban.com/people/RealZLY/
https://www.douban.com/people/147512870/
https://www.douban.com/people/c8h10n4o2/
https://www.douban.com/people/2092765/
https://www.douban.com/people/marknewman/
https://www.douban.com/people/Zia/
https://www.douban.com/people/kaining/
https://www.douban.com/people/tricky_V/
https://www.douban.com/people/2155434/
https://www.douban.com/people/qianqian603/
https://www.douban.com/people/milkbax/
https://www.douban.com/people/aiyatos/
https://www.douban.com/people/shawnconcerto/
https://www.douban.com/people/48051580/
https://www.douban.com/people/killll/
https://www.douban.com/people/viara/
https://www.douban.com/people/3764716/
https://www.douban.com/people/1874944/
https://www.douban.com/people/starry329/
https://www.douban.com/people/fujitasatoki/
https://www.douban.com/people/ClaireCheung114/
https://www.douban.com/people/3880878/
https://www.douban.com/people/JohnsonXu/
https://www.douban.com/people/49257150/
https://www.douban.com/people/doingmiss/
https://www.douban.com/people/zeal/
https://www.douban.com/people/3978577/
https://www.douban.com/people/34161257/
https://www.douban.com/people/56623440/
https://www.douban.com/people/arielzhong/
https://www.douban.com/people/NemoRuan/
https://www.douban.com/people/68400350/
https://www.douban.com/people/i-san/
https://www.douban.com/people/97002576/
https://www.douban.com/people/NoodlesKid/
https://www.douban.com/people/haydenshine/
https://www.douban.com/people/2111322/
https://www.douban.com/people/puppyfanfan/
https://www.douban.com/people/zumaqiong/
https://www.douban.com/people/3638194/
https://www.douban.com/people/irvinglam/
https://www.douban.com/people/liuyangsl/
https://www.douban.com/people/hsb/
https://www.douban.com/people/chloeti/
https://www.douban.com/people/35572050/
https://www.douban.com/people/softgirl/
https://www.douban.com/people/yaoyamin/
https://www.douban.com/people/5580906/
https://www.douban.com/people/55710245/
https://www.douban.com/people/1998005/
https://www.douban.com/people/78724440/
https://www.douban.com/people/lcsun/
https://www.douban.com/people/tinazheng1987/
https://www.douban.com/people/shapiro123/
https://www.douban.com/people/starstargoo/
https://www.douban.com/people/62264302/
https://www.douban.com/people/tytyty/
https://www.douban.com/people/LMR1228/
https://www.douban.com/people/2553924/
https://www.douban.com/people/MrQueen/
https://www.douban.com/people/tony-zyc/
https://www.douban.com/people/46511600/
https://www.douban.com/people/rtalicious/
https://www.douban.com/people/53818292/
https://www.douban.com/people/VamPire_/
https://www.douban.com/people/3537443/
https://www.douban.com/people/zsotter/
https://www.douban.com/people/43566500/
https://www.douban.com/people/amoyi04/
https://www.douban.com/people/janeythai/
https://www.douban.com/people/spoio/
https://www.douban.com/people/emlia/
https://www.douban.com/people/jiaoban/
https://www.douban.com/people/141980323/
https://www.douban.com/people/2304904/
https://www.douban.com/people/57557763/
https://www.douban.com/people/fishchild/
https://www.douban.com/people/sallyhan/
https://www.douban.com/people/1683013/
https://www.douban.com/people/3929216/
https://www.douban.com/people/55823343/
https://www.douban.com/people/52194001/
https://www.douban.com/people/62330460/
https://www.douban.com/people/57253024/
https://www.douban.com/people/27542486/
https://www.douban.com/people/51993013/
https://www.douban.com/people/41595016/
https://www.douban.com/people/61377079/
https://www.douban.com/people/38323962/
https://www.douban.com/people/29595679/
https://www.douban.com/people/codfish_zyx/
https://www.douban.com/people/48620009/
https://www.douban.com/people/losifa/
https://www.douban.com/people/52492395/
https://www.douban.com/people/kinky-love/
https://www.douban.com/people/46144657/
https://www.douban.com/people/deactivate/
https://www.douban.com/people/TEL19881107/
https://www.douban.com/people/31466605/
https://www.douban.com/people/sdoklinsmann/
https://www.douban.com/people/yezixiaoluoluo/
https://www.douban.com/people/samuel_8609/
https://www.douban.com/people/tt_chan/
https://www.douban.com/people/vivianxx/
https://www.douban.com/people/hiya/
https://www.douban.com/people/zhoujie221/
https://www.douban.com/people/lomo36/
https://www.douban.com/people/4593601/
https://www.douban.com/people/moguiyihao/
https://www.douban.com/people/XyWang13/
https://www.douban.com/people/40870953/
https://www.douban.com/people/littletwo/
https://www.douban.com/people/1998086/
https://www.douban.com/people/GoalGT/
https://www.douban.com/people/59620268/
https://www.douban.com/people/52352740/
https://www.douban.com/people/43866584/
https://www.douban.com/people/31121198/
https://www.douban.com/people/kyoya813/
https://www.douban.com/people/se7enteeny/
https://www.douban.com/people/juyi214/
https://www.douban.com/people/difeijing/
https://www.douban.com/people/W1LL/
https://www.douban.com/people/keychan10168/
https://www.douban.com/people/45809393/
https://www.douban.com/people/ztftom/
https://www.douban.com/people/bloodyfox/
https://www.douban.com/people/santou0811/
https://www.douban.com/people/skyaim/
https://www.douban.com/people/ChrisZ/
https://www.douban.com/people/liyan1989/
https://www.douban.com/people/liuqing2009/
https://www.douban.com/people/lucianahuang/
https://www.douban.com/people/1154633/
https://www.douban.com/people/Lisa.L/
https://www.douban.com/people/2599173/
https://www.douban.com/people/daledisney/
https://www.douban.com/people/2574034/
https://www.douban.com/people/49529143/
https://www.douban.com/people/As_Pinocchio/
https://www.douban.com/people/chzsoft/
https://www.douban.com/people/justinasue/
https://www.douban.com/people/4041449/
https://www.douban.com/people/3367648/
https://www.douban.com/people/haru0817/
https://www.douban.com/people/FanandTulip/
https://www.douban.com/people/stknight/
https://www.douban.com/people/maerta/
https://www.douban.com/people/138247473/
https://www.douban.com/people/54767324/
https://www.douban.com/people/40845182/
https://www.douban.com/people/hellohuman/
https://www.douban.com/people/kevinbiohazard/
https://www.douban.com/people/AnitaHY/
https://www.douban.com/people/IcedCoke/
https://www.douban.com/people/1970272/
https://www.douban.com/people/SummerChiu/
https://www.douban.com/people/42798504/
https://www.douban.com/people/blueafter17/
https://www.douban.com/people/wenqi55520/
https://www.douban.com/people/1436107/
https://www.douban.com/people/nieer/
https://www.douban.com/people/49561830/
https://www.douban.com/people/foying/
https://www.douban.com/people/jacqie/
https://www.douban.com/people/LegnA/
https://www.douban.com/people/loveriot/
https://www.douban.com/people/1535538/
https://www.douban.com/people/ossianshiwo/
https://www.douban.com/people/4729397/
https://www.douban.com/people/nestle/
https://www.douban.com/people/helpfully/
https://www.douban.com/people/Aimwalker/
https://www.douban.com/people/1456967/
https://www.douban.com/people/allblue/
https://www.douban.com/people/52957567/
https://www.douban.com/people/Esperanza_/
https://www.douban.com/people/44276090/
https://www.douban.com/people/juejin/
https://www.douban.com/people/cat-leo/
https://www.douban.com/people/xping/
https://www.douban.com/people/l.m.out.m/
https://www.douban.com/people/fzy1993/
https://www.douban.com/people/bambe/
https://www.douban.com/people/Stanleyhai/
https://www.douban.com/people/yabali/
https://www.douban.com/people/luanluanzi/
https://www.douban.com/people/chounvkui/
https://www.douban.com/people/momoling/
https://www.douban.com/people/1857664/
https://www.douban.com/people/wsytiger/
https://www.douban.com/people/maggie.wxy/
https://www.douban.com/people/stella.0131/
https://www.douban.com/people/autumndream/
https://www.douban.com/people/jessica.jia/
https://www.douban.com/people/stellalfl/
https://www.douban.com/people/SummerMi/
https://www.douban.com/people/jasmineR/
https://www.douban.com/people/43251216/
https://www.douban.com/people/yshir/
https://www.douban.com/people/MissQT/
https://www.douban.com/people/gzc2zgl/
https://www.douban.com/people/xuya_0925/
https://www.douban.com/people/anfernee20/
https://www.douban.com/people/Vilin/
https://www.douban.com/people/1734232/
https://www.douban.com/people/Skybow/
https://www.douban.com/people/yaominzhu/
https://www.douban.com/people/31435368/
https://www.douban.com/people/shenjianchina/
https://www.douban.com/people/Cherrie./
https://www.douban.com/people/29101914/
https://www.douban.com/people/4366259/
https://www.douban.com/people/26379453/
https://www.douban.com/people/48159651/
https://www.douban.com/people/1943946/
https://www.douban.com/people/phph/
https://www.douban.com/people/39778105/
https://www.douban.com/people/Ivy-Stein/
https://www.douban.com/people/zzzuoxi/
https://www.douban.com/people/3558302/
https://www.douban.com/people/dov8/
https://www.douban.com/people/dodososo/
https://www.douban.com/people/12237767/
https://www.douban.com/people/Susie-Leung/
https://www.douban.com/people/randidianying/
https://www.douban.com/people/49539687/
https://www.douban.com/people/jingfei/
https://www.douban.com/people/2059472/
https://www.douban.com/people/popolo/
https://www.douban.com/people/viviangelove/
https://www.douban.com/people/AdaDream/
https://www.douban.com/people/145537440/
https://www.douban.com/people/3336467/
https://www.douban.com/people/Eudemonia-moon/
https://www.douban.com/people/2283860/
https://www.douban.com/people/ranr/
https://www.douban.com/people/hisealee/
https://www.douban.com/people/kid_hp/
https://www.douban.com/people/28656649/
https://www.douban.com/people/wjzcbd520/
https://www.douban.com/people/sumiski/
https://www.douban.com/people/144040953/
https://www.douban.com/people/avivaz/
https://www.douban.com/people/28316208/
https://www.douban.com/people/46217095/
https://www.douban.com/people/howcrazy/
https://www.douban.com/people/way2high/
https://www.douban.com/people/2091994/
https://www.douban.com/people/2487360/
https://www.douban.com/people/civil/
https://www.douban.com/people/29107256/
https://www.douban.com/people/PIERRELIU/
https://www.douban.com/people/nieblalan/
https://www.douban.com/people/Hpcide/
https://www.douban.com/people/karling/
https://www.douban.com/people/nicole900116/
https://www.douban.com/people/zonovo/
https://www.douban.com/people/june4cat/
https://www.douban.com/people/beijingzz/
https://www.douban.com/people/wengzhenbang/
https://www.douban.com/people/ButterflyTatto/
https://www.douban.com/people/chenyuqun/
https://www.douban.com/people/2222793/
https://www.douban.com/people/jangdonggun/
https://www.douban.com/people/54653120/
https://www.douban.com/people/shxhkun/
https://www.douban.com/people/xx_jmlx/
https://www.douban.com/people/freshyyblue/
https://www.douban.com/people/luoboeleven/
https://www.douban.com/people/1884591/
https://www.douban.com/people/daiting/
https://www.douban.com/people/Sirius_lost/
https://www.douban.com/people/Double_J/
https://www.douban.com/people/lv.bronze/
https://www.douban.com/people/ajinian/
https://www.douban.com/people/60409037/
https://www.douban.com/people/yuyouting/
https://www.douban.com/people/woaijing7/
https://www.douban.com/people/thirteen1213/
https://www.douban.com/people/2456223/
https://www.douban.com/people/echozjx/
https://www.douban.com/people/151235858/
https://www.douban.com/people/2076911/
https://www.douban.com/people/qianbi04/
https://www.douban.com/people/littlemata/
https://www.douban.com/people/rita.h/
https://www.douban.com/people/2161963/
https://www.douban.com/people/nighteye1123/
https://www.douban.com/people/2474699/
https://www.douban.com/people/Slyvia/
https://www.douban.com/people/tammysky/
https://www.douban.com/people/3315035/
https://www.douban.com/people/zishuiyilan/
https://www.douban.com/people/luman/
https://www.douban.com/people/genie37/
https://www.douban.com/people/36624734/
https://www.douban.com/people/61592048/
https://www.douban.com/people/46091317/
https://www.douban.com/people/junqli86/
https://www.douban.com/people/A_R_C_rops/
https://www.douban.com/people/yankchina/
https://www.douban.com/people/limbolee/
https://www.douban.com/people/heydzi/
https://www.douban.com/people/4714682/
https://www.douban.com/people/1991409/
https://www.douban.com/people/chenjin.red/
https://www.douban.com/people/formydream/
https://www.douban.com/people/3469709/
https://www.douban.com/people/37428082/
https://www.douban.com/people/3518443/
https://www.douban.com/people/justifiedo/
https://www.douban.com/people/Tiffany-LVArwen/
https://www.douban.com/people/dicky1986/
https://www.douban.com/people/1219663/
https://www.douban.com/people/run11run/
https://www.douban.com/people/effiemars/
https://www.douban.com/people/ms_invisible/
https://www.douban.com/people/grace090216/
https://www.douban.com/people/2183313/
https://www.douban.com/people/1818164/
https://www.douban.com/people/34718723/
https://www.douban.com/people/magickiki/
https://www.douban.com/people/4267240/
https://www.douban.com/people/brutwater/
https://www.douban.com/people/lalanemo/
https://www.douban.com/people/Broderick/
https://www.douban.com/people/shirleylea/
https://www.douban.com/people/23382675/
https://www.douban.com/people/Janice916/
https://www.douban.com/people/54621732/
https://www.douban.com/people/sheeparker/
https://www.douban.com/people/11097979/
https://www.douban.com/people/41863858/
https://www.douban.com/people/maydaybiz/
https://www.douban.com/people/ddww911028/
https://www.douban.com/people/catherine_koo/
https://www.douban.com/people/2952670/
https://www.douban.com/people/gattinatt/
https://www.douban.com/people/30732495/
https://www.douban.com/people/Paradox_Q/
https://www.douban.com/people/newstrawman/
https://www.douban.com/people/43179089/
https://www.douban.com/people/amberVan/
https://www.douban.com/people/kfc77/
https://www.douban.com/people/Wait_decade/
https://www.douban.com/people/ilove2026/
https://www.douban.com/people/yookoarlin/
https://www.douban.com/people/joya_l1o3v7e/
https://www.douban.com/people/48832135/
https://www.douban.com/people/3233333/
https://www.douban.com/people/manray/
https://www.douban.com/people/siwy/
https://www.douban.com/people/jun_ny3/
https://www.douban.com/people/Mrs.secret/
https://www.douban.com/people/feniankiss/
https://www.douban.com/people/52166968/
https://www.douban.com/people/barcelonazhou/
https://www.douban.com/people/Nata1ie/
https://www.douban.com/people/138311644/
https://www.douban.com/people/vincent910203/
https://www.douban.com/people/darchang/
https://www.douban.com/people/ThinkEric/
https://www.douban.com/people/libramao/
https://www.douban.com/people/naitil/
https://www.douban.com/people/2203246/
https://www.douban.com/people/leenan/
https://www.douban.com/people/Titian.D./
https://www.douban.com/people/martya/
https://www.douban.com/people/81140566/
https://www.douban.com/people/lunababe/
https://www.douban.com/people/maokee/
https://www.douban.com/people/2453215/
https://www.douban.com/people/1910909/
https://www.douban.com/people/47998458/
https://www.douban.com/people/maggiejingliu/
https://www.douban.com/people/48463035/
https://www.douban.com/people/4888614/
https://www.douban.com/people/allwordswrong/
https://www.douban.com/people/Imagizz/
https://www.douban.com/people/genial/
https://www.douban.com/people/darling99/
https://www.douban.com/people/somiang/
https://www.douban.com/people/26487427/
https://www.douban.com/people/debut-joy/
https://www.douban.com/people/DPYiSuo/
https://www.douban.com/people/babess/
https://www.douban.com/people/2302807/
https://www.douban.com/people/3198636/
https://www.douban.com/people/clovernubi/
https://www.douban.com/people/yanyan77/
https://www.douban.com/people/14406293/
https://www.douban.com/people/greenlinkin/
https://www.douban.com/people/1493686/
https://www.douban.com/people/golfmike/
https://www.douban.com/people/chrisking2020/
https://www.douban.com/people/wo_diu/
https://www.douban.com/people/iamloco/
https://www.douban.com/people/sin5409/
https://www.douban.com/people/shanjijian/
https://www.douban.com/people/messibreak/
https://www.douban.com/people/4714667/
https://www.douban.com/people/45649542/
https://www.douban.com/people/Cutebabyblue/
https://www.douban.com/people/73966778/
https://www.douban.com/people/ysjroy/
https://www.douban.com/people/zapoper/
https://www.douban.com/people/ravinenoravine/
https://www.douban.com/people/januaryohjanuar/
https://www.douban.com/people/emolawong/
https://www.douban.com/people/42368147/
https://www.douban.com/people/drtsb/
https://www.douban.com/people/VaanA/
https://www.douban.com/people/cream.cx/
https://www.douban.com/people/3263435/
https://www.douban.com/people/4051316/
https://www.douban.com/people/xiaoiou/
https://www.douban.com/people/About5/
https://www.douban.com/people/14406092/
https://www.douban.com/people/159240266/
https://www.douban.com/people/johnydepp/
https://www.douban.com/people/ancylostomiasis/
https://www.douban.com/people/rakuL/
https://www.douban.com/people/roooy/
https://www.douban.com/people/sophie-z/
https://www.douban.com/people/huziyidaba/
https://www.douban.com/people/wruo/
https://www.douban.com/people/amsingapore/
https://www.douban.com/people/durell/
https://www.douban.com/people/YUE0825/
https://www.douban.com/people/VinKhan/
https://www.douban.com/people/bullchen/
https://www.douban.com/people/loveva324/
https://www.douban.com/people/xuhui880321gege/
https://www.douban.com/people/roy325/
https://www.douban.com/people/2860090/
https://www.douban.com/people/MonieCheung/
https://www.douban.com/people/2821497/
https://www.douban.com/people/46844048/
https://www.douban.com/people/marykay1/
https://www.douban.com/people/shinyshingle/
https://www.douban.com/people/2069853/
https://www.douban.com/people/3657060/
https://www.douban.com/people/31504897/
https://www.douban.com/people/xiaowendy/
https://www.douban.com/people/43234364/
https://www.douban.com/people/shuang331/
https://www.douban.com/people/dreamerangela/
https://www.douban.com/people/kefeng1988/
https://www.douban.com/people/2813181/
https://www.douban.com/people/47513616/
https://www.douban.com/people/2466146/
https://www.douban.com/people/REALY/
https://www.douban.com/people/li620toyfly/
https://www.douban.com/people/2674816/
https://www.douban.com/people/natapeng/
https://www.douban.com/people/homelesscat/
https://www.douban.com/people/155828327/
https://www.douban.com/people/34309421/
https://www.douban.com/people/djcc/
https://www.douban.com/people/Devilhunter/
https://www.douban.com/people/1627339/
https://www.douban.com/people/3184101/
https://www.douban.com/people/3628156/
https://www.douban.com/people/2174129/
https://www.douban.com/people/kento/
https://www.douban.com/people/freggieg/
https://www.douban.com/people/yaoerlinxi0047/
https://www.douban.com/people/kevin5/
https://www.douban.com/people/Leilawiner/
https://www.douban.com/people/ntz521/
https://www.douban.com/people/mr_peanut80/
https://www.douban.com/people/poko/
https://www.douban.com/people/132160250/
https://www.douban.com/people/jinmeimei520/
https://www.douban.com/people/captainadong/
https://www.douban.com/people/49172900/
https://www.douban.com/people/hearingmoon/
https://www.douban.com/people/4453050/
https://www.douban.com/people/xuanyushuo/
https://www.douban.com/people/yahooor/
https://www.douban.com/people/29378538/
https://www.douban.com/people/56888707/
https://www.douban.com/people/luyinbella/
https://www.douban.com/people/3193971/
https://www.douban.com/people/hewenxinghl/
https://www.douban.com/people/yucieryemei/
https://www.douban.com/people/Pulp-Jam/
https://www.douban.com/people/vincenthanze/
https://www.douban.com/people/143622987/
https://www.douban.com/people/42848749/
https://www.douban.com/people/miLkRiNG/
https://www.douban.com/people/candy1010/
https://www.douban.com/people/ruocun123/
https://www.douban.com/people/49231240/
https://www.douban.com/people/solami/
https://www.douban.com/people/1802773/
https://www.douban.com/people/4568957/
https://www.douban.com/people/4578781/
https://www.douban.com/people/onlyYH/
https://www.douban.com/people/8125605/
https://www.douban.com/people/Memorial_Sue/
https://www.douban.com/people/2517915/
https://www.douban.com/people/lumen/
https://www.douban.com/people/41013250/
https://www.douban.com/people/34600215/
https://www.douban.com/people/CandyBox/
https://www.douban.com/people/enid_lu/
https://www.douban.com/people/xiaoyusuying/
https://www.douban.com/people/2732006/
https://www.douban.com/people/zhegejiale/
https://www.douban.com/people/cc123go/
https://www.douban.com/people/kidult77/
https://www.douban.com/people/nooooo/
https://www.douban.com/people/kids-cats/
https://www.douban.com/people/lesbian119/
https://www.douban.com/people/3621482/
https://www.douban.com/people/zy1104/
https://www.douban.com/people/x0079/
https://www.douban.com/people/2656189/
https://www.douban.com/people/tonglealabama/
https://www.douban.com/people/furore/
https://www.douban.com/people/3548807/
https://www.douban.com/people/c20010122/
https://www.douban.com/people/Angelwh/
https://www.douban.com/people/148355567/
https://www.douban.com/people/draco1892/
https://www.douban.com/people/47593124/
https://www.douban.com/people/seasonforjuly/
https://www.douban.com/people/lv_miyako/
https://www.douban.com/people/PinkoNee/
https://www.douban.com/people/30151811/
https://www.douban.com/people/kid928/
https://www.douban.com/people/mikiworf/
https://www.douban.com/people/53030224/
https://www.douban.com/people/I_am/
https://www.douban.com/people/1366375/
https://www.douban.com/people/mymimu/
https://www.douban.com/people/159351169/
https://www.douban.com/people/blue-echo/
https://www.douban.com/people/2085848/
https://www.douban.com/people/44445465/
https://www.douban.com/people/Norah/
https://www.douban.com/people/52245396/
https://www.douban.com/people/154445010/
https://www.douban.com/people/3859587/
https://www.douban.com/people/lazydesigner/
https://www.douban.com/people/158161126/
https://www.douban.com/people/tuyuqiao/
https://www.douban.com/people/1922502/
https://www.douban.com/people/3484265/
https://www.douban.com/people/Man_United/
https://www.douban.com/people/hata202/
https://www.douban.com/people/fishX_Y/
https://www.douban.com/people/31128234/
https://www.douban.com/people/dearmore/
https://www.douban.com/people/dryjjd/
https://www.douban.com/people/moxiaotu/
https://www.douban.com/people/1855955/
https://www.douban.com/people/linhuihai/
https://www.douban.com/people/hara_zeki/
https://www.douban.com/people/ash7/
https://www.douban.com/people/38981287/
https://www.douban.com/people/mononoky/
https://www.douban.com/people/adalee/
https://www.douban.com/people/48065972/
https://www.douban.com/people/46934005/
https://www.douban.com/people/Cincky.XiN/
https://www.douban.com/people/outafei/
https://www.douban.com/people/1845560/
https://www.douban.com/people/samyaya/
https://www.douban.com/people/tzkeer/
https://www.douban.com/people/4839057/
https://www.douban.com/people/cskywalker/
https://www.douban.com/people/suwa/
https://www.douban.com/people/49872790/
https://www.douban.com/people/Alienzhao/
https://www.douban.com/people/emilycou/
https://www.douban.com/people/157315669/
https://www.douban.com/people/1271102/
https://www.douban.com/people/43625639/
https://www.douban.com/people/ECHO0707/
https://www.douban.com/people/2455025/
https://www.douban.com/people/angellin/
https://www.douban.com/people/liuyingxin_1984/
https://www.douban.com/people/43594688/
https://www.douban.com/people/50319577/
https://www.douban.com/people/dingpaopao/
https://www.douban.com/people/39047335/
https://www.douban.com/people/loungelizard/
https://www.douban.com/people/43925872/
https://www.douban.com/people/2415217/
https://www.douban.com/people/Raven730lovewys/
https://www.douban.com/people/yunhanran/
https://www.douban.com/people/T0T0/
https://www.douban.com/people/philia-li/
https://www.douban.com/people/djj11/
https://www.douban.com/people/muehlig/
https://www.douban.com/people/iSnowpine/
https://www.douban.com/people/1525048/
https://www.douban.com/people/1175350/
https://www.douban.com/people/iphonest/
https://www.douban.com/people/niaoshuiyaoyao/
https://www.douban.com/people/pandy/
https://www.douban.com/people/59456580/
https://www.douban.com/people/mingyuejiang/
https://www.douban.com/people/promiss/
https://www.douban.com/people/2254775/
https://www.douban.com/people/remember_/
https://www.douban.com/people/51842518/
https://www.douban.com/people/33876871/
https://www.douban.com/people/46559420/
https://www.douban.com/people/xiaojinya/
https://www.douban.com/people/30515688/
https://www.douban.com/people/lupinthe3rd/
https://www.douban.com/people/ctrl9527/
https://www.douban.com/people/yaoming/
https://www.douban.com/people/24090374/
https://www.douban.com/people/beartt/
https://www.douban.com/people/larsson/
https://www.douban.com/people/doradora/
https://www.douban.com/people/2531549/
https://www.douban.com/people/dongdongwushy/
https://www.douban.com/people/frejaja/
https://www.douban.com/people/janemichen/
https://www.douban.com/people/150328587/
https://www.douban.com/people/lovelans/
https://www.douban.com/people/4800817/
https://www.douban.com/people/missdanmpink/
https://www.douban.com/people/37836930/
https://www.douban.com/people/4256377/
https://www.douban.com/people/xiaozhu19880805/
https://www.douban.com/people/aya1026/
https://www.douban.com/people/attel/
https://www.douban.com/people/airmewe/
https://www.douban.com/people/4173691/
https://www.douban.com/people/fuloli/
https://www.douban.com/people/2792190/
https://www.douban.com/people/1386491/
https://www.douban.com/people/amomiaomiao/
https://www.douban.com/people/22911916/
https://www.douban.com/people/stupidcat7652/
https://www.douban.com/people/METEOR-s/
https://www.douban.com/people/2594190/
https://www.douban.com/people/xiaoshan_yama/
https://www.douban.com/people/inner.elf/
https://www.douban.com/people/4705575/
https://www.douban.com/people/protagoras/
https://www.douban.com/people/love.lv/
https://www.douban.com/people/3058291/
https://www.douban.com/people/Shhhhhhhh/
https://www.douban.com/people/39317979/
https://www.douban.com/people/burgooooooooooo/
https://www.douban.com/people/lyricli/
https://www.douban.com/people/1914548/
https://www.douban.com/people/1228394/
https://www.douban.com/people/DansMonile/
https://www.douban.com/people/jiushangnanzai/
https://www.douban.com/people/PirateQ/
https://www.douban.com/people/3495426/
https://www.douban.com/people/xiaohuo0203/
https://www.douban.com/people/airan712/
https://www.douban.com/people/terranw/
https://www.douban.com/people/1938286/
https://www.douban.com/people/yoma/
https://www.douban.com/people/penny-eyao/
https://www.douban.com/people/laughbone/
https://www.douban.com/people/tindrum/
https://www.douban.com/people/boriklaus/
https://www.douban.com/people/unclepidan/
https://www.douban.com/people/pipasway/
https://www.douban.com/people/138887248/
https://www.douban.com/people/tina_3170/
https://www.douban.com/people/lifeislife/
https://www.douban.com/people/MR.Pain/
https://www.douban.com/people/1182532/
https://www.douban.com/people/2332258/
https://www.douban.com/people/lufy/
https://www.douban.com/people/1205716/
https://www.douban.com/people/1247318/
https://www.douban.com/people/1603791/
https://www.douban.com/people/1633061/
https://www.douban.com/people/1633658/
https://www.douban.com/people/JamesPound/
https://www.douban.com/people/windson7/
https://www.douban.com/people/alleluia/
https://www.douban.com/people/snowkrebs/
https://www.douban.com/people/evilynq/
https://www.douban.com/people/maolingxiao/
https://www.douban.com/people/27969524/
https://www.douban.com/people/6391762/
https://www.douban.com/people/48335787/
https://www.douban.com/people/dreammakeronly/
https://www.douban.com/people/1354853/
https://www.douban.com/people/viviennelee/
https://www.douban.com/people/46805623/
https://www.douban.com/people/3410113/
https://www.douban.com/people/majunchuan/
https://www.douban.com/people/3920484/
https://www.douban.com/people/meteora/
https://www.douban.com/people/francseca/
https://www.douban.com/people/laylak/
https://www.douban.com/people/vest/
https://www.douban.com/people/netskys/
https://www.douban.com/people/liwujiu/
https://www.douban.com/people/codetco/
https://www.douban.com/people/jinzipei/
https://www.douban.com/people/4897885/
https://www.douban.com/people/cos719/
https://www.douban.com/people/yexuehanan/
https://www.douban.com/people/amigly1988/
https://www.douban.com/people/zini8023/
https://www.douban.com/people/3867506/
https://www.douban.com/people/iConan/
https://www.douban.com/people/49193848/
https://www.douban.com/people/janelle.c/
https://www.douban.com/people/1060090/
https://www.douban.com/people/3447550/
https://www.douban.com/people/greysky73/
https://www.douban.com/people/ladybandit/
https://www.douban.com/people/nidada/
https://www.douban.com/people/Wennie/
https://www.douban.com/people/hyacinthiris/
https://www.douban.com/people/yukino/
https://www.douban.com/people/yijiusisan/
https://www.douban.com/people/ffaayy999/
https://www.douban.com/people/4325552/
https://www.douban.com/people/xianxianchen/
https://www.douban.com/people/luvniq/
https://www.douban.com/people/wayle_9057/
https://www.douban.com/people/3252968/
https://www.douban.com/people/34035859/
https://www.douban.com/people/4899223/
https://www.douban.com/people/daisyisme/
https://www.douban.com/people/2681017/
